2021-07-05 23:37:36/[Client] Recieve from client {"ClientName": "MyClient" , "Platform": "JVM" , "SystemInfo": "Ubuntu Server 20.04"}
2021-07-05 23:45:21/[Client] Recieve from client {"ClientName": "MyClient" , "Platform": "JVM" , "SystemInfo": "Ubuntu Server 20.04"}
2021-07-05 23:52:40/[Client] Recieve from client {"ClientName": "MyClient" , "Platform": "JVM" , "SystemInfo": "Ubuntu Server 20.04"}
2021-07-05 23:55:49/[Client] Recieve from client {"ClientName": "MyClient" , "Platform": "JVM" , "SystemInfo": "Ubuntu Server 20.04"}
2021-07-06 11:59:31/[Client] Recieve from client {"ClientName": "MyClient" , "Platform": "JVM" , "SystemInfo": "Ubuntu Server 20.04" , "Time": "114514" , "API": "QQ" , "Operation":  "ping"}
2021-07-06 12:00:04/[Client] Recieve from client {"ClientName": "MyClient" , "Platform": "JVM" , "SystemInfo": "Ubuntu Server 20.04" , "Timestamp": "114514" , "API": "QQ" , "Operation":  "ping"}
2021-07-06 12:00:43/[Client] Recieve from client {"ClientName": "MyClient" , "Platform": "JVM" , "SystemInfo": "Ubuntu Server 20.04" , "Timestamp": "114514" , "API": "QQ" , "Operation":  "ping"}
2021-07-06 12:01:39/[Client] Recieve from client {"ClientName": "MyClient" , "Platform": "JVM" , "SystemInfo": "Ubuntu Server 20.04" , "Timestamp": "114514" , "API": "QQ" , "Operation":  "ping"}
2021-07-06 12:02:33/[Client] Recieve from client {"ClientName": "MyClient" , "Platform": "JVM" , "SystemInfo": "Ubuntu Server 20.04" , "Timestamp": "114514" , "API": "QQ" , "Operation":  "ping"}
2021-07-06 12:05:07/[Client] Recieve from client {"ClientName": "MyClient" , "Platform": "JVM" , "SystemInfo": "Ubuntu Server 20.04" , "Timestamp": "114514" , "API": "QQ" , "Operation":  "ping"}
2021-07-06 12:05:59/[Client] Recieve from client {"ClientName": "MyClient" , "Platform": "JVM" , "SystemInfo": "Ubuntu Server 20.04" , "Timestamp": "114514" , "API": "QQ" , "Operation":  "ping"}
2021-07-06 12:06:46/[Client] Recieve from client {"ClientName": "MyClient" , "Platform": "JVM" , "SystemInfo": "Ubuntu Server 20.04" , "Timestamp": "114514" , "API": "QQ" , "Operation":  "ping"}
2021-07-06 12:10:26/[Client] Recieve from client {"ClientName": "MyClient" , "Platform": "JVM" , "SystemInfo": "Ubuntu Server 20.04" , "Timestamp": "114514" , "API": "QQ" , "Operation":  "ping"}
2021-07-06 12:11:31/[Client] Recieve from client {"ClientName": "MyClient" , "Platform": "JVM" , "SystemInfo": "Ubuntu Server 20.04" , "Timestamp": "114514" , "API": "QQ" , "Operation":  "ping"}
2021-07-08 11:25:49/[Client] Recieve from client {"ClientName": "MyClient" , "Platform": "JVM" , "SystemInfo": "Ubuntu Server 20.04" , "Timestamp": "114514" , "API": "QQ" , "Operation":  "å‘ƒå‘ƒå‘ƒå•Šå•Šå•Šå“¼å“¼å“¼å—¯å—¯å—¯å—¯å—¯"}
2021-07-08 11:27:08/[Client] Recieve from client {"ClientName": "MyClient" , "Platform": "JVM" , "SystemInfo": "Ubuntu Server 20.04" , "Timestamp": "114514" , "API": "QQ" , "Operation":  "å‘ƒå‘ƒå‘ƒå•Šå•Šå•Šå“¼å“¼å“¼å—¯å—¯å—¯å—¯å—¯"}
2021-07-08 11:27:08/[Client] Sending to MyClient ...
2021-07-08 11:27:08/[Client] Succeeded
2021-07-08 11:28:49/[Client] Recieve from client {"ClientName": "MyClient" , "Platform": "JVM" , "SystemInfo": "Ubuntu Server 20.04" , "Timestamp": "114514" , "API": "QQ" , "Operation":  "ßÀßÀßÀ°¡°¡°¡ºßºßºßàÅàÅàÅàÅàÅ"}
2021-07-08 11:28:49/[Client] Sending to MyClient ...
2021-07-08 11:28:49/[Client] Succeeded
2021-07-08 11:38:18/[Client] Recieve from client {"ClientName": "MyClient" , "Platform": "JVM" , "SystemInfo": "Ubuntu Server 20.04" , "Timestamp": "114514" , "API": "QQ" , "Operation":  "ßÀßÀßÀ°¡°¡°¡ºßºßºßàÅàÅàÅàÅàÅ"}
2021-07-08 11:38:18/[Client] Sending to MyClient ...
2021-07-08 11:38:18/[Client] Succeeded
